========================================================================
READ_ASCII_FILE: unknown
READ_ASCII_FILE: File: input.nml
========================================================================
READ_INPUT_NML: unknown
READ_INPUT_NML: input.nml 
 &mom_input_nml
     output_directory = '.'
     input_filename = 'n'
     restart_input_dir = 'INPUT'
     restart_output_dir = 'RESTART'
     parameter_filename = 'MOM_input', 'MOM_layout', 'MOM_override'
 /
 
 &sis_input_nml
     output_directory = '.'
     input_filename = 'n'
     restart_input_dir = 'INPUT'
     restart_output_dir = 'RESTART'
     parameter_filename = 'SIS_input', 'MOM_layout'
 /
 
 &fms_nml
     domains_stack_size = 1600000
     stack_size = 0
     clock_grain = 'LOOP'
 /
 
 &fms2_io_nml
     netcdf_default_format = 'netcdf4'
     shuffle = .true.
     deflate = 5
 /
 
 &coupler_nml
     months = 0
     days = 1
     hours = 0
     current_date = 2003, 1, 1, 0, 0, 0
     calendar = 'JULIAN'
     dt_cpld = 3600
     dt_atmos = 3600
     do_atmos = .false.
     do_land = .false.
     do_ice = .true.
     do_ocean = .true.
     do_flux = .true.
     atmos_npes = 0
     concurrent = .false.
     use_lag_fluxes = .false.
     check_stocks = 0
 /
 
 &flux_exchange_nml
     debug_stocks = .false.
     divert_stocks_report = .true.
     do_area_weighted_flux = .false.
 /
 
 &ice_albedo_nml
     t_range = 10.0
 /
 
 &monin_obukhov_nml
     neutral = .true.
 /
 
 &ocean_albedo_nml
     ocean_albedo_option = 2
 /
 
 &ocean_rough_nml
     rough_scheme = 'beljaars'
 /
 
 &sat_vapor_pres_nml
     construct_table_wrt_liq = .true.
     construct_table_wrt_liq_and_ice = .true.
 /
 
 &surface_flux_nml
     ncar_ocean_flux = .true.
     raoult_sat_vap = .true.
 /
 
 &xgrid_nml
     make_exchange_reproduce = .false.
     interp_method = 'second_order'
 /

MPP module unknown
MPP started with NPES=     4
Using MPI library for message passing...
Realtime clock resolution=  1.0000E-09 sec ( 999999999 ticks/sec)
Clock rolls over after   9.2234E+09 sec ( 9223372036854775806 ticks)

MPP Parameter module unknown

MPP Data module unknown

MPP_DOMAINS module unknown

================================================================================
FMS_MOD
unknown
&FMS_NML
 READ_ALL_PE=T,
 CLOCK_GRAIN="LOOP            ",
 CLOCK_FLAGS="NONE            ",
 WARNING_LEVEL="warning ",
 STACK_SIZE=0          ,
 DOMAINS_STACK_SIZE=1600000    ,
 PRINT_MEMORY_USAGE=F,
 /
 nml_error_codes=

================================================================================
CONSTANTS_MOD
FMSConstants: GFDL

================================================================================
TIME_MANAGER_MOD
unknown

================================================================================
TIME_INTERP_EXTERNAL_MOD
unknown
&TIME_INTERP_EXTERNAL_NML
 NUM_IO_BUFFERS=2          ,
 DEBUG_THIS_MODULE=F,
 MAX_FIELDS=100        ,
 MAX_FILES=40         ,
 /

================================================================================
TIME_INTERP_MOD
unknown
&TIME_INTERP_NML
 PERTHLIKE_BEHAVIOR=F,
 /

MOM_in domain decomposition:     2 X    2
   pe,   is,  ie,  js,  je,    isd, ied, jsd, jed

MOM_inc domain decomposition:     2 X    2
   pe,   is,  ie,  js,  je,    isd, ied, jsd, jed

================================================================================
DIAG_UTIL_MOD
unknown

================================================================================
DIAG_DATA_MOD
unknown

================================================================================
DIAG_MANAGER_MOD
unknown
&DIAG_MANAGER_NML
 APPEND_PELIST_NAME=F,
 MIX_SNAPSHOT_AVERAGE_FIELDS=F,
 MAX_OUTPUT_FIELDS=300        ,
 MAX_INPUT_FIELDS=600        ,
 MAX_AXES=60         ,
 DO_DIAG_FIELD_LOG=F,
 WRITE_BYTES_IN_FILE=F,
 DEBUG_DIAG_MANAGER=F,
 MAX_NUM_AXIS_SETS=25         ,
 MAX_FILES=31         ,
 USE_CMOR=F,
 ISSUE_OOR_WARNINGS=T,
 OOR_WARNINGS_FATAL=F,
 MAX_OUT_PER_IN_FIELD=150        ,
 FLUSH_NC_FILES=F,
 REGION_OUT_USE_ALT_VALUE=T,
 MAX_FIELD_ATTRIBUTES=4          ,
 MAX_FILE_ATTRIBUTES=2          ,
 MAX_AXIS_ATTRIBUTES=4          ,
 PREPEND_DATE=T,
 USE_MPP_IO=F,
 FIELD_LOG_SEPARATOR="|",
 USE_REFACTORED_SEND=F,
 /
========================================================================
READ_ASCII_FILE: unknown
READ_ASCII_FILE: File: diag_table
base date used = 2003 January  1  0:00:00 gmt

================================================================================
DIAG_AXIS_MOD
unknown

MOM_in domain decomposition:     2 X    2
   pe,   is,  ie,  js,  je,    isd, ied, jsd, jed

MOM_in domain decomposition:     2 X    2
   pe,   is,  ie,  js,  je,    isd, ied, jsd, jed

MOM_MOSAIC domain decomposition:     2 X    2
   pe,   is,  ie,  js,  je,    isd, ied, jsd, jed

MOM_MOSAIC domain decomposition:     2 X    2
   pe,   is,  ie,  js,  je,    isd, ied, jsd, jed

MOM_in domain decomposition:     2 X    2
   pe,   is,  ie,  js,  je,    isd, ied, jsd, jed

MOM_in domain decomposition:     2 X    2
   pe,   is,  ie,  js,  je,    isd, ied, jsd, jed

================================================================================
get_cal_time_MOD
unknown
&GET_CAL_TIME_NML
 ALLOW_CALENDAR_CONVERSION=T,
 /
MOM_wave_speed: unknown

MOM_in domain decomposition:     2 X    2
   pe,   is,  ie,  js,  je,    isd, ied, jsd, jed
